
*** Running vivado
    with args -log design_1_cordic_3d_0_0.vds -m64 -product Vivado -mode batch -messageDb vivado.pb -notrace -source design_1_cordic_3d_0_0.tcl



****** Vivado v2022.1 (64-bit)
  **** SW Build 3526262 on Mon Apr 18 15:48:16 MDT 2022
  **** IP Build 3524634 on Mon Apr 18 20:55:01 MDT 2022
    ** Copyright 1986-2022 Xilinx, Inc. All Rights Reserved.

source design_1_cordic_3d_0_0.tcl -notrace
create_project: Time (s): cpu = 00:00:06 ; elapsed = 00:00:09 . Memory (MB): peak = 1284.770 ; gain = 0.000
INFO: [IP_Flow 19-234] Refreshing IP repositories
INFO: [IP_Flow 19-1700] Loaded user IP repository 'd:/DUsers/semestr 8/sem_8_moj/fpga/ip_repo/cordic_3d_1.0'.
INFO: [IP_Flow 19-2313] Loaded Vivado IP repository 'D:/Programy/Vivado/2022.1/data/ip'.
Command: synth_design -top design_1_cordic_3d_0_0 -part xck26-sfvc784-2LV-c -incremental_mode off -mode out_of_context
Starting synth_design
Attempting to get a license for feature 'Synthesis' and/or device 'xck26'
INFO: [Common 17-349] Got license for feature 'Synthesis' and/or device 'xck26'
INFO: [Device 21-403] Loading part xck26-sfvc784-2LV-c
INFO: [Synth 8-7079] Multithreading enabled for synth_design using a maximum of 2 processes.
INFO: [Synth 8-7078] Launching helper process for spawning children vivado processes
INFO: [Synth 8-7075] Helper process launched with PID 32752
WARNING: [Synth 8-9501] generate block is allowed only inside loop and conditional generate in SystemVerilog mode [D:/Programy/Vivado/2022.1/data/ip/xpm/xpm_fifo/hdl/xpm_fifo.sv:4023]
---------------------------------------------------------------------------------
Starting RTL Elaboration : Time (s): cpu = 00:00:09 ; elapsed = 00:00:16 . Memory (MB): peak = 1714.500 ; gain = 319.387
---------------------------------------------------------------------------------
INFO: [Synth 8-6157] synthesizing module 'design_1_cordic_3d_0_0' [d:/DUsers/semestr 8/sem_8_moj/fpga/3D_acc/3D_acc.gen/sources_1/bd/design_1/ip/design_1_cordic_3d_0_0/synth/design_1_cordic_3d_0_0.v:53]
INFO: [Synth 8-6157] synthesizing module 'cordic_3d_v1_0' [d:/DUsers/semestr 8/sem_8_moj/fpga/3D_acc/3D_acc.gen/sources_1/bd/design_1/ipshared/f2bc/hdl/cordic_3d_v1_0.v:3]
INFO: [Synth 8-6157] synthesizing module 'cordic_3d_v1_0_S00_AXI' [d:/DUsers/semestr 8/sem_8_moj/fpga/3D_acc/3D_acc.gen/sources_1/bd/design_1/ipshared/f2bc/hdl/cordic_3d_v1_0_S00_AXI.v:3]
INFO: [Synth 8-226] default block is never used [d:/DUsers/semestr 8/sem_8_moj/fpga/3D_acc/3D_acc.gen/sources_1/bd/design_1/ipshared/f2bc/hdl/cordic_3d_v1_0_S00_AXI.v:234]
INFO: [Synth 8-226] default block is never used [d:/DUsers/semestr 8/sem_8_moj/fpga/3D_acc/3D_acc.gen/sources_1/bd/design_1/ipshared/f2bc/hdl/cordic_3d_v1_0_S00_AXI.v:375]
INFO: [Synth 8-6155] done synthesizing module 'cordic_3d_v1_0_S00_AXI' (0#1) [d:/DUsers/semestr 8/sem_8_moj/fpga/3D_acc/3D_acc.gen/sources_1/bd/design_1/ipshared/f2bc/hdl/cordic_3d_v1_0_S00_AXI.v:3]
INFO: [Synth 8-6157] synthesizing module 'cordic_3d_pipeline' [d:/DUsers/semestr 8/sem_8_moj/fpga/3D_acc/3D_acc.gen/sources_1/bd/design_1/ipshared/f2bc/src/cordic_3d_pipeline.v:3]
INFO: [Synth 8-6157] synthesizing module 'cordic_step' [d:/DUsers/semestr 8/sem_8_moj/fpga/3D_acc/3D_acc.gen/sources_1/bd/design_1/ipshared/f2bc/src/cordic_step.v:3]
INFO: [Synth 8-6155] done synthesizing module 'cordic_step' (0#1) [d:/DUsers/semestr 8/sem_8_moj/fpga/3D_acc/3D_acc.gen/sources_1/bd/design_1/ipshared/f2bc/src/cordic_step.v:3]
INFO: [Synth 8-6157] synthesizing module 'cordic_step__parameterized0' [d:/DUsers/semestr 8/sem_8_moj/fpga/3D_acc/3D_acc.gen/sources_1/bd/design_1/ipshared/f2bc/src/cordic_step.v:3]
INFO: [Synth 8-6155] done synthesizing module 'cordic_step__parameterized0' (0#1) [d:/DUsers/semestr 8/sem_8_moj/fpga/3D_acc/3D_acc.gen/sources_1/bd/design_1/ipshared/f2bc/src/cordic_step.v:3]
INFO: [Synth 8-6157] synthesizing module 'cordic_step__parameterized1' [d:/DUsers/semestr 8/sem_8_moj/fpga/3D_acc/3D_acc.gen/sources_1/bd/design_1/ipshared/f2bc/src/cordic_step.v:3]
INFO: [Synth 8-6155] done synthesizing module 'cordic_step__parameterized1' (0#1) [d:/DUsers/semestr 8/sem_8_moj/fpga/3D_acc/3D_acc.gen/sources_1/bd/design_1/ipshared/f2bc/src/cordic_step.v:3]
INFO: [Synth 8-6157] synthesizing module 'cordic_step__parameterized2' [d:/DUsers/semestr 8/sem_8_moj/fpga/3D_acc/3D_acc.gen/sources_1/bd/design_1/ipshared/f2bc/src/cordic_step.v:3]
INFO: [Synth 8-6155] done synthesizing module 'cordic_step__parameterized2' (0#1) [d:/DUsers/semestr 8/sem_8_moj/fpga/3D_acc/3D_acc.gen/sources_1/bd/design_1/ipshared/f2bc/src/cordic_step.v:3]
INFO: [Synth 8-6157] synthesizing module 'cordic_step__parameterized3' [d:/DUsers/semestr 8/sem_8_moj/fpga/3D_acc/3D_acc.gen/sources_1/bd/design_1/ipshared/f2bc/src/cordic_step.v:3]
INFO: [Synth 8-6155] done synthesizing module 'cordic_step__parameterized3' (0#1) [d:/DUsers/semestr 8/sem_8_moj/fpga/3D_acc/3D_acc.gen/sources_1/bd/design_1/ipshared/f2bc/src/cordic_step.v:3]
INFO: [Synth 8-6157] synthesizing module 'cordic_step__parameterized4' [d:/DUsers/semestr 8/sem_8_moj/fpga/3D_acc/3D_acc.gen/sources_1/bd/design_1/ipshared/f2bc/src/cordic_step.v:3]
INFO: [Synth 8-6155] done synthesizing module 'cordic_step__parameterized4' (0#1) [d:/DUsers/semestr 8/sem_8_moj/fpga/3D_acc/3D_acc.gen/sources_1/bd/design_1/ipshared/f2bc/src/cordic_step.v:3]
INFO: [Synth 8-6157] synthesizing module 'cordic_step__parameterized5' [d:/DUsers/semestr 8/sem_8_moj/fpga/3D_acc/3D_acc.gen/sources_1/bd/design_1/ipshared/f2bc/src/cordic_step.v:3]
INFO: [Synth 8-6155] done synthesizing module 'cordic_step__parameterized5' (0#1) [d:/DUsers/semestr 8/sem_8_moj/fpga/3D_acc/3D_acc.gen/sources_1/bd/design_1/ipshared/f2bc/src/cordic_step.v:3]
INFO: [Synth 8-6157] synthesizing module 'cordic_step__parameterized6' [d:/DUsers/semestr 8/sem_8_moj/fpga/3D_acc/3D_acc.gen/sources_1/bd/design_1/ipshared/f2bc/src/cordic_step.v:3]
INFO: [Synth 8-6155] done synthesizing module 'cordic_step__parameterized6' (0#1) [d:/DUsers/semestr 8/sem_8_moj/fpga/3D_acc/3D_acc.gen/sources_1/bd/design_1/ipshared/f2bc/src/cordic_step.v:3]
INFO: [Synth 8-6157] synthesizing module 'cordic_step__parameterized7' [d:/DUsers/semestr 8/sem_8_moj/fpga/3D_acc/3D_acc.gen/sources_1/bd/design_1/ipshared/f2bc/src/cordic_step.v:3]
INFO: [Synth 8-6155] done synthesizing module 'cordic_step__parameterized7' (0#1) [d:/DUsers/semestr 8/sem_8_moj/fpga/3D_acc/3D_acc.gen/sources_1/bd/design_1/ipshared/f2bc/src/cordic_step.v:3]
INFO: [Synth 8-6157] synthesizing module 'cordic_step__parameterized8' [d:/DUsers/semestr 8/sem_8_moj/fpga/3D_acc/3D_acc.gen/sources_1/bd/design_1/ipshared/f2bc/src/cordic_step.v:3]
INFO: [Synth 8-6155] done synthesizing module 'cordic_step__parameterized8' (0#1) [d:/DUsers/semestr 8/sem_8_moj/fpga/3D_acc/3D_acc.gen/sources_1/bd/design_1/ipshared/f2bc/src/cordic_step.v:3]
INFO: [Synth 8-6157] synthesizing module 'cordic_step__parameterized9' [d:/DUsers/semestr 8/sem_8_moj/fpga/3D_acc/3D_acc.gen/sources_1/bd/design_1/ipshared/f2bc/src/cordic_step.v:3]
INFO: [Synth 8-6155] done synthesizing module 'cordic_step__parameterized9' (0#1) [d:/DUsers/semestr 8/sem_8_moj/fpga/3D_acc/3D_acc.gen/sources_1/bd/design_1/ipshared/f2bc/src/cordic_step.v:3]
INFO: [Synth 8-6157] synthesizing module 'cordic_step__parameterized10' [d:/DUsers/semestr 8/sem_8_moj/fpga/3D_acc/3D_acc.gen/sources_1/bd/design_1/ipshared/f2bc/src/cordic_step.v:3]
INFO: [Synth 8-6155] done synthesizing module 'cordic_step__parameterized10' (0#1) [d:/DUsers/semestr 8/sem_8_moj/fpga/3D_acc/3D_acc.gen/sources_1/bd/design_1/ipshared/f2bc/src/cordic_step.v:3]
INFO: [Synth 8-6157] synthesizing module 'cordic_step__parameterized11' [d:/DUsers/semestr 8/sem_8_moj/fpga/3D_acc/3D_acc.gen/sources_1/bd/design_1/ipshared/f2bc/src/cordic_step.v:3]
INFO: [Synth 8-6155] done synthesizing module 'cordic_step__parameterized11' (0#1) [d:/DUsers/semestr 8/sem_8_moj/fpga/3D_acc/3D_acc.gen/sources_1/bd/design_1/ipshared/f2bc/src/cordic_step.v:3]
INFO: [Synth 8-6157] synthesizing module 'cordic_step__parameterized12' [d:/DUsers/semestr 8/sem_8_moj/fpga/3D_acc/3D_acc.gen/sources_1/bd/design_1/ipshared/f2bc/src/cordic_step.v:3]
INFO: [Synth 8-6155] done synthesizing module 'cordic_step__parameterized12' (0#1) [d:/DUsers/semestr 8/sem_8_moj/fpga/3D_acc/3D_acc.gen/sources_1/bd/design_1/ipshared/f2bc/src/cordic_step.v:3]
INFO: [Synth 8-6157] synthesizing module 'cordic_step__parameterized13' [d:/DUsers/semestr 8/sem_8_moj/fpga/3D_acc/3D_acc.gen/sources_1/bd/design_1/ipshared/f2bc/src/cordic_step.v:3]
INFO: [Synth 8-6155] done synthesizing module 'cordic_step__parameterized13' (0#1) [d:/DUsers/semestr 8/sem_8_moj/fpga/3D_acc/3D_acc.gen/sources_1/bd/design_1/ipshared/f2bc/src/cordic_step.v:3]
INFO: [Synth 8-6157] synthesizing module 'cordic_step__parameterized14' [d:/DUsers/semestr 8/sem_8_moj/fpga/3D_acc/3D_acc.gen/sources_1/bd/design_1/ipshared/f2bc/src/cordic_step.v:3]
INFO: [Synth 8-6155] done synthesizing module 'cordic_step__parameterized14' (0#1) [d:/DUsers/semestr 8/sem_8_moj/fpga/3D_acc/3D_acc.gen/sources_1/bd/design_1/ipshared/f2bc/src/cordic_step.v:3]
INFO: [Synth 8-155] case statement is not full and has no default [d:/DUsers/semestr 8/sem_8_moj/fpga/3D_acc/3D_acc.gen/sources_1/bd/design_1/ipshared/f2bc/src/cordic_3d_pipeline.v:41]
INFO: [Synth 8-6155] done synthesizing module 'cordic_3d_pipeline' (0#1) [d:/DUsers/semestr 8/sem_8_moj/fpga/3D_acc/3D_acc.gen/sources_1/bd/design_1/ipshared/f2bc/src/cordic_3d_pipeline.v:3]
INFO: [Synth 8-6155] done synthesizing module 'cordic_3d_v1_0' (0#1) [d:/DUsers/semestr 8/sem_8_moj/fpga/3D_acc/3D_acc.gen/sources_1/bd/design_1/ipshared/f2bc/hdl/cordic_3d_v1_0.v:3]
INFO: [Synth 8-6155] done synthesizing module 'design_1_cordic_3d_0_0' (0#1) [d:/DUsers/semestr 8/sem_8_moj/fpga/3D_acc/3D_acc.gen/sources_1/bd/design_1/ip/design_1_cordic_3d_0_0/synth/design_1_cordic_3d_0_0.v:53]
WARNING: [Synth 8-7129] Port ctrl_mode[31] in module cordic_3d_pipeline is either unconnected or has no load
WARNING: [Synth 8-7129] Port ctrl_mode[30] in module cordic_3d_pipeline is either unconnected or has no load
WARNING: [Synth 8-7129] Port ctrl_mode[29] in module cordic_3d_pipeline is either unconnected or has no load
WARNING: [Synth 8-7129] Port ctrl_mode[28] in module cordic_3d_pipeline is either unconnected or has no load
WARNING: [Synth 8-7129] Port ctrl_mode[27] in module cordic_3d_pipeline is either unconnected or has no load
WARNING: [Synth 8-7129] Port ctrl_mode[26] in module cordic_3d_pipeline is either unconnected or has no load
WARNING: [Synth 8-7129] Port ctrl_mode[25] in module cordic_3d_pipeline is either unconnected or has no load
WARNING: [Synth 8-7129] Port ctrl_mode[24] in module cordic_3d_pipeline is either unconnected or has no load
WARNING: [Synth 8-7129] Port ctrl_mode[23] in module cordic_3d_pipeline is either unconnected or has no load
WARNING: [Synth 8-7129] Port ctrl_mode[22] in module cordic_3d_pipeline is either unconnected or has no load
WARNING: [Synth 8-7129] Port ctrl_mode[21] in module cordic_3d_pipeline is either unconnected or has no load
WARNING: [Synth 8-7129] Port ctrl_mode[20] in module cordic_3d_pipeline is either unconnected or has no load
WARNING: [Synth 8-7129] Port ctrl_mode[19] in module cordic_3d_pipeline is either unconnected or has no load
WARNING: [Synth 8-7129] Port ctrl_mode[18] in module cordic_3d_pipeline is either unconnected or has no load
WARNING: [Synth 8-7129] Port ctrl_mode[17] in module cordic_3d_pipeline is either unconnected or has no load
WARNING: [Synth 8-7129] Port ctrl_mode[16] in module cordic_3d_pipeline is either unconnected or has no load
WARNING: [Synth 8-7129] Port ctrl_mode[15] in module cordic_3d_pipeline is either unconnected or has no load
WARNING: [Synth 8-7129] Port ctrl_mode[14] in module cordic_3d_pipeline is either unconnected or has no load
WARNING: [Synth 8-7129] Port ctrl_mode[13] in module cordic_3d_pipeline is either unconnected or has no load
WARNING: [Synth 8-7129] Port ctrl_mode[12] in module cordic_3d_pipeline is either unconnected or has no load
WARNING: [Synth 8-7129] Port ctrl_mode[11] in module cordic_3d_pipeline is either unconnected or has no load
WARNING: [Synth 8-7129] Port ctrl_mode[10] in module cordic_3d_pipeline is either unconnected or has no load
WARNING: [Synth 8-7129] Port ctrl_mode[9] in module cordic_3d_pipeline is either unconnected or has no load
WARNING: [Synth 8-7129] Port ctrl_mode[8] in module cordic_3d_pipeline is either unconnected or has no load
WARNING: [Synth 8-7129] Port ctrl_mode[7] in module cordic_3d_pipeline is either unconnected or has no load
WARNING: [Synth 8-7129] Port ctrl_mode[6] in module cordic_3d_pipeline is either unconnected or has no load
WARNING: [Synth 8-7129] Port ctrl_mode[5] in module cordic_3d_pipeline is either unconnected or has no load
WARNING: [Synth 8-7129] Port ctrl_mode[4] in module cordic_3d_pipeline is either unconnected or has no load
WARNING: [Synth 8-7129] Port ctrl_mode[3] in module cordic_3d_pipeline is either unconnected or has no load
WARNING: [Synth 8-7129] Port ctrl_mode[2] in module cordic_3d_pipeline is either unconnected or has no load
WARNING: [Synth 8-7129] Port ctrl_mode[1] in module cordic_3d_pipeline is either unconnected or has no load
WARNING: [Synth 8-7129] Port ctrl_mode[0] in module cordic_3d_pipeline is either unconnected or has no load
WARNING: [Synth 8-7129] Port s_axis_tlast in module cordic_3d_pipeline is either unconnected or has no load
WARNING: [Synth 8-7129] Port S_AXI_AWPROT[2] in module cordic_3d_v1_0_S00_AXI is either unconnected or has no load
WARNING: [Synth 8-7129] Port S_AXI_AWPROT[1] in module cordic_3d_v1_0_S00_AXI is either unconnected or has no load
WARNING: [Synth 8-7129] Port S_AXI_AWPROT[0] in module cordic_3d_v1_0_S00_AXI is either unconnected or has no load
WARNING: [Synth 8-7129] Port S_AXI_ARPROT[2] in module cordic_3d_v1_0_S00_AXI is either unconnected or has no load
WARNING: [Synth 8-7129] Port S_AXI_ARPROT[1] in module cordic_3d_v1_0_S00_AXI is either unconnected or has no load
WARNING: [Synth 8-7129] Port S_AXI_ARPROT[0] in module cordic_3d_v1_0_S00_AXI is either unconnected or has no load
---------------------------------------------------------------------------------
Finished RTL Elaboration : Time (s): cpu = 00:00:12 ; elapsed = 00:00:22 . Memory (MB): peak = 1810.801 ; gain = 415.688
---------------------------------------------------------------------------------
---------------------------------------------------------------------------------
Start Handling Custom Attributes
---------------------------------------------------------------------------------
---------------------------------------------------------------------------------
Finished Handling Custom Attributes : Time (s): cpu = 00:00:13 ; elapsed = 00:00:23 . Memory (MB): peak = 1828.719 ; gain = 433.605
---------------------------------------------------------------------------------
---------------------------------------------------------------------------------
Finished RTL Optimization Phase 1 : Time (s): cpu = 00:00:13 ; elapsed = 00:00:23 . Memory (MB): peak = 1828.719 ; gain = 433.605
---------------------------------------------------------------------------------
Netlist sorting complete. Time (s): cpu = 00:00:00 ; elapsed = 00:00:00.280 . Memory (MB): peak = 1828.719 ; gain = 0.000
INFO: [Project 1-570] Preparing netlist for logic optimization

Processing XDC Constraints
Initializing timing engine
Completed Processing XDC Constraints

Netlist sorting complete. Time (s): cpu = 00:00:00 ; elapsed = 00:00:00.001 . Memory (MB): peak = 1932.160 ; gain = 0.000
INFO: [Project 1-111] Unisim Transformation Summary:
No Unisim elements were transformed.

Constraint Validation Runtime : Time (s): cpu = 00:00:00 ; elapsed = 00:00:00.208 . Memory (MB): peak = 1950.000 ; gain = 17.840
INFO: [Designutils 20-5008] Incremental synthesis strategy off
---------------------------------------------------------------------------------
Finished Constraint Validation : Time (s): cpu = 00:00:27 ; elapsed = 00:00:40 . Memory (MB): peak = 1950.000 ; gain = 554.887
---------------------------------------------------------------------------------
---------------------------------------------------------------------------------
Start Loading Part and Timing Information
---------------------------------------------------------------------------------
Loading part: xck26-sfvc784-2LV-c
INFO: [Synth 8-6742] Reading net delay rules and data
---------------------------------------------------------------------------------
Finished Loading Part and Timing Information : Time (s): cpu = 00:00:27 ; elapsed = 00:00:40 . Memory (MB): peak = 1950.000 ; gain = 554.887
---------------------------------------------------------------------------------
---------------------------------------------------------------------------------
Start Applying 'set_property' XDC Constraints
---------------------------------------------------------------------------------
---------------------------------------------------------------------------------
Finished applying 'set_property' XDC Constraints : Time (s): cpu = 00:00:27 ; elapsed = 00:00:40 . Memory (MB): peak = 1950.000 ; gain = 554.887
---------------------------------------------------------------------------------
INFO: [Synth 8-802] inferred FSM for state register 'in_coord_cnt_reg' in module 'cordic_3d_pipeline'
---------------------------------------------------------------------------------------------------
                   State |                     New Encoding |                Previous Encoding 
---------------------------------------------------------------------------------------------------
                  iSTATE |                              001 |                               00
                 iSTATE0 |                              010 |                               01
                 iSTATE1 |                              100 |                               10
---------------------------------------------------------------------------------------------------
INFO: [Synth 8-3354] encoded FSM with state register 'in_coord_cnt_reg' using encoding 'one-hot' in module 'cordic_3d_pipeline'
---------------------------------------------------------------------------------
Finished RTL Optimization Phase 2 : Time (s): cpu = 00:00:28 ; elapsed = 00:00:41 . Memory (MB): peak = 1950.000 ; gain = 554.887
---------------------------------------------------------------------------------
---------------------------------------------------------------------------------
Start RTL Component Statistics 
---------------------------------------------------------------------------------
Detailed RTL Component Info : 
+---Adders : 
	   3 Input   32 Bit       Adders := 32    
	   2 Input   32 Bit       Adders := 17    
	   2 Input    2 Bit       Adders := 1     
+---Registers : 
	               32 Bit    Registers := 75    
	                4 Bit    Registers := 2     
	                2 Bit    Registers := 3     
	                1 Bit    Registers := 40    
+---Muxes : 
	   2 Input   32 Bit        Muxes := 38    
	   4 Input   32 Bit        Muxes := 5     
	   2 Input   17 Bit        Muxes := 1     
	   2 Input   16 Bit        Muxes := 1     
	   2 Input   15 Bit        Muxes := 1     
	   2 Input   14 Bit        Muxes := 2     
	   2 Input   13 Bit        Muxes := 1     
	   2 Input   12 Bit        Muxes := 1     
	   2 Input   11 Bit        Muxes := 1     
	   2 Input   10 Bit        Muxes := 1     
	   2 Input    9 Bit        Muxes := 1     
	   2 Input    8 Bit        Muxes := 1     
	   2 Input    7 Bit        Muxes := 1     
	   2 Input    6 Bit        Muxes := 1     
	   2 Input    5 Bit        Muxes := 1     
	   2 Input    4 Bit        Muxes := 1     
	   2 Input    3 Bit        Muxes := 1     
	   2 Input    2 Bit        Muxes := 1     
	   2 Input    1 Bit        Muxes := 7     
	   3 Input    1 Bit        Muxes := 1     
---------------------------------------------------------------------------------
Finished RTL Component Statistics 
---------------------------------------------------------------------------------
---------------------------------------------------------------------------------
Start Part Resource Summary
---------------------------------------------------------------------------------
Part Resources:
DSPs: 1248 (col length:96)
BRAMs: 288 (col length: RAMB18 96 RAMB36 48)
---------------------------------------------------------------------------------
Finished Part Resource Summary
---------------------------------------------------------------------------------
---------------------------------------------------------------------------------
Start Cross Boundary and Area Optimization
---------------------------------------------------------------------------------
WARNING: [Synth 8-7080] Parallel synthesis criteria is not met
WARNING: [Synth 8-7129] Port s00_axi_awprot[2] in module design_1_cordic_3d_0_0 is either unconnected or has no load
WARNING: [Synth 8-7129] Port s00_axi_awprot[1] in module design_1_cordic_3d_0_0 is either unconnected or has no load
WARNING: [Synth 8-7129] Port s00_axi_awprot[0] in module design_1_cordic_3d_0_0 is either unconnected or has no load
WARNING: [Synth 8-7129] Port s00_axi_arprot[2] in module design_1_cordic_3d_0_0 is either unconnected or has no load
WARNING: [Synth 8-7129] Port s00_axi_arprot[1] in module design_1_cordic_3d_0_0 is either unconnected or has no load
WARNING: [Synth 8-7129] Port s00_axi_arprot[0] in module design_1_cordic_3d_0_0 is either unconnected or has no load
WARNING: [Synth 8-7129] Port s_axis_tlast in module design_1_cordic_3d_0_0 is either unconnected or has no load
---------------------------------------------------------------------------------
Finished Cross Boundary and Area Optimization : Time (s): cpu = 00:00:33 ; elapsed = 00:00:47 . Memory (MB): peak = 1950.000 ; gain = 554.887
---------------------------------------------------------------------------------
---------------------------------------------------------------------------------
Start Applying XDC Timing Constraints
---------------------------------------------------------------------------------
---------------------------------------------------------------------------------
Finished Applying XDC Timing Constraints : Time (s): cpu = 00:00:51 ; elapsed = 00:01:09 . Memory (MB): peak = 2387.758 ; gain = 992.645
---------------------------------------------------------------------------------
---------------------------------------------------------------------------------
Start Timing Optimization
---------------------------------------------------------------------------------
---------------------------------------------------------------------------------
Finished Timing Optimization : Time (s): cpu = 00:00:51 ; elapsed = 00:01:09 . Memory (MB): peak = 2391.496 ; gain = 996.383
---------------------------------------------------------------------------------
---------------------------------------------------------------------------------
Start Technology Mapping
---------------------------------------------------------------------------------
---------------------------------------------------------------------------------
Finished Technology Mapping : Time (s): cpu = 00:00:52 ; elapsed = 00:01:10 . Memory (MB): peak = 2420.137 ; gain = 1025.023
---------------------------------------------------------------------------------
---------------------------------------------------------------------------------
Start IO Insertion
---------------------------------------------------------------------------------
---------------------------------------------------------------------------------
Start Flattening Before IO Insertion
---------------------------------------------------------------------------------
---------------------------------------------------------------------------------
Finished Flattening Before IO Insertion
---------------------------------------------------------------------------------
---------------------------------------------------------------------------------
Start Final Netlist Cleanup
---------------------------------------------------------------------------------
---------------------------------------------------------------------------------
Finished Final Netlist Cleanup
---------------------------------------------------------------------------------
---------------------------------------------------------------------------------
Finished IO Insertion : Time (s): cpu = 00:01:01 ; elapsed = 00:01:20 . Memory (MB): peak = 2420.914 ; gain = 1025.801
---------------------------------------------------------------------------------
---------------------------------------------------------------------------------
Start Renaming Generated Instances
---------------------------------------------------------------------------------
---------------------------------------------------------------------------------
Finished Renaming Generated Instances : Time (s): cpu = 00:01:01 ; elapsed = 00:01:20 . Memory (MB): peak = 2420.914 ; gain = 1025.801
---------------------------------------------------------------------------------
---------------------------------------------------------------------------------
Start Rebuilding User Hierarchy
---------------------------------------------------------------------------------
---------------------------------------------------------------------------------
Finished Rebuilding User Hierarchy : Time (s): cpu = 00:01:01 ; elapsed = 00:01:20 . Memory (MB): peak = 2420.914 ; gain = 1025.801
---------------------------------------------------------------------------------
---------------------------------------------------------------------------------
Start Renaming Generated Ports
---------------------------------------------------------------------------------
---------------------------------------------------------------------------------
Finished Renaming Generated Ports : Time (s): cpu = 00:01:01 ; elapsed = 00:01:20 . Memory (MB): peak = 2420.914 ; gain = 1025.801
---------------------------------------------------------------------------------
---------------------------------------------------------------------------------
Start Handling Custom Attributes
---------------------------------------------------------------------------------
---------------------------------------------------------------------------------
Finished Handling Custom Attributes : Time (s): cpu = 00:01:01 ; elapsed = 00:01:20 . Memory (MB): peak = 2420.914 ; gain = 1025.801
---------------------------------------------------------------------------------
---------------------------------------------------------------------------------
Start Renaming Generated Nets
---------------------------------------------------------------------------------
---------------------------------------------------------------------------------
Finished Renaming Generated Nets : Time (s): cpu = 00:01:01 ; elapsed = 00:01:20 . Memory (MB): peak = 2420.914 ; gain = 1025.801
---------------------------------------------------------------------------------
---------------------------------------------------------------------------------
Start ROM, RAM, DSP, Shift Register and Retiming Reporting
---------------------------------------------------------------------------------

Static Shift Register Report:
+-----------------------+--------------------------------------------------------------------------+--------+-------+--------------+--------------------+-------------------+--------+---------+
|Module Name            | RTL Name                                                                 | Length | Width | Reset Signal | Pull out first Reg | Pull out last Reg | SRL16E | SRLC32E | 
+-----------------------+--------------------------------------------------------------------------+--------+-------+--------------+--------------------+-------------------+--------+---------+
|design_1_cordic_3d_0_0 | inst/my_cordic_core/cordic_pipeline_block[12].step_inst/angle_out_reg[2] | 4      | 1     | NO           | YES                | YES               | 1      | 0       | 
|design_1_cordic_3d_0_0 | inst/my_cordic_core/cordic_pipeline_block[13].step_inst/angle_out_reg[1] | 5      | 1     | NO           | YES                | YES               | 1      | 0       | 
|design_1_cordic_3d_0_0 | inst/my_cordic_core/cordic_pipeline_block[15].step_inst/z_out_reg[31]    | 16     | 32    | NO           | NO                 | NO                | 32     | 0       | 
+-----------------------+--------------------------------------------------------------------------+--------+-------+--------------+--------------------+-------------------+--------+---------+

---------------------------------------------------------------------------------
Finished ROM, RAM, DSP, Shift Register and Retiming Reporting
---------------------------------------------------------------------------------
---------------------------------------------------------------------------------
Start Writing Synthesis Report
---------------------------------------------------------------------------------

Report BlackBoxes: 
+-+--------------+----------+
| |BlackBox name |Instances |
+-+--------------+----------+
+-+--------------+----------+

Report Cell Usage: 
+------+-------+------+
|      |Cell   |Count |
+------+-------+------+
|1     |CARRY8 |   192|
|2     |LUT1   |    44|
|3     |LUT2   |   535|
|4     |LUT3   |  1027|
|5     |LUT4   |    24|
|6     |LUT5   |    33|
|7     |LUT6   |    35|
|8     |SRL16E |    34|
|9     |FDRE   |  1846|
|10    |FDSE   |     2|
+------+-------+------+
---------------------------------------------------------------------------------
Finished Writing Synthesis Report : Time (s): cpu = 00:01:01 ; elapsed = 00:01:20 . Memory (MB): peak = 2420.914 ; gain = 1025.801
---------------------------------------------------------------------------------
Synthesis finished with 0 errors, 0 critical warnings and 8 warnings.
Synthesis Optimization Runtime : Time (s): cpu = 00:00:44 ; elapsed = 00:01:14 . Memory (MB): peak = 2420.914 ; gain = 904.520
Synthesis Optimization Complete : Time (s): cpu = 00:01:01 ; elapsed = 00:01:20 . Memory (MB): peak = 2420.914 ; gain = 1025.801
INFO: [Project 1-571] Translating synthesized netlist
Netlist sorting complete. Time (s): cpu = 00:00:00 ; elapsed = 00:00:00.089 . Memory (MB): peak = 2432.922 ; gain = 0.000
INFO: [Netlist 29-17] Analyzing 192 Unisim elements for replacement
INFO: [Netlist 29-28] Unisim Transformation completed in 0 CPU seconds
INFO: [Project 1-570] Preparing netlist for logic optimization
INFO: [Opt 31-138] Pushed 0 inverter(s) to 0 load pin(s).
Netlist sorting complete. Time (s): cpu = 00:00:00 ; elapsed = 00:00:00.001 . Memory (MB): peak = 2460.402 ; gain = 0.000
INFO: [Project 1-111] Unisim Transformation Summary:
No Unisim elements were transformed.

Synth Design complete, checksum: bf5fc7e9
INFO: [Common 17-83] Releasing license: Synthesis
64 Infos, 48 Warnings, 0 Critical Warnings and 0 Errors encountered.
synth_design completed successfully
synth_design: Time (s): cpu = 00:01:14 ; elapsed = 00:01:37 . Memory (MB): peak = 2460.402 ; gain = 1175.633
INFO: [Common 17-1381] The checkpoint 'D:/DUsers/semestr 8/sem_8_moj/fpga/3D_acc/3D_acc.runs/design_1_cordic_3d_0_0_synth_1/design_1_cordic_3d_0_0.dcp' has been generated.
INFO: [Coretcl 2-1648] Added synthesis output to IP cache for IP design_1_cordic_3d_0_0, cache-ID = 8aa1ceb97d92bcba
INFO: [Coretcl 2-1174] Renamed 19 cell refs.
INFO: [Common 17-1381] The checkpoint 'D:/DUsers/semestr 8/sem_8_moj/fpga/3D_acc/3D_acc.runs/design_1_cordic_3d_0_0_synth_1/design_1_cordic_3d_0_0.dcp' has been generated.
INFO: [runtcl-4] Executing : report_utilization -file design_1_cordic_3d_0_0_utilization_synth.rpt -pb design_1_cordic_3d_0_0_utilization_synth.pb
INFO: [Common 17-206] Exiting Vivado at Fri Jun 12 20:46:56 2026...
