
*** Running vivado
    with args -log design_1_accel_3d_top_0_0.vds -m64 -product Vivado -mode batch -messageDb vivado.pb -notrace -source design_1_accel_3d_top_0_0.tcl



****** Vivado v2022.2 (64-bit)
  **** SW Build 3671981 on Fri Oct 14 05:00:03 MDT 2022
  **** IP Build 3669848 on Fri Oct 14 08:30:02 MDT 2022
    ** Copyright 1986-2022 Xilinx, Inc. All Rights Reserved.

source design_1_accel_3d_top_0_0.tcl -notrace
create_project: Time (s): cpu = 00:00:05 ; elapsed = 00:00:05 . Memory (MB): peak = 386.164 ; gain = 43.555
INFO: [IP_Flow 19-234] Refreshing IP repositories
INFO: [IP_Flow 19-1700] Loaded user IP repository 'c:/Users/Miedz/Desktop/Akcelerator 3D/IP_repo'.
INFO: [IP_Flow 19-2313] Loaded Vivado IP repository 'C:/Xilinx/Vivado/2022.2/data/ip'.
WARNING: [IP_Flow 19-4995] The host OS only allows 260 characters in a normal path. The IP cache path is more than 80 characters. If you experience issues with IP caching, please consider changing the IP cache to a location with a shorter path. Alternately consider using the OS subst command to map part of the path to a drive letter. 
Current IP cache path is c:/Users/Miedz/Desktop/Akcelerator 3D/Main/Hardware_3D_accel/Hardware_3D_accel.cache/ip 
INFO: [IP_Flow 19-6924] IPCACHE: Running cache check for IP inst: design_1_accel_3d_top_0_0
Command: synth_design -top design_1_accel_3d_top_0_0 -part xck26-sfvc784-2LV-c -incremental_mode off -mode out_of_context
Starting synth_design
Attempting to get a license for feature 'Synthesis' and/or device 'xck26'
INFO: [Common 17-349] Got license for feature 'Synthesis' and/or device 'xck26'
INFO: [Device 21-403] Loading part xck26-sfvc784-2LV-c
INFO: [Synth 8-7079] Multithreading enabled for synth_design using a maximum of 2 processes.
INFO: [Synth 8-7078] Launching helper process for spawning children vivado processes
INFO: [Synth 8-7075] Helper process launched with PID 9592
INFO: [Synth 8-11241] undeclared symbol 'REGCCE', assumed default net type 'wire' [C:/Xilinx/Vivado/2022.2/data/verilog/src/unimacro/BRAM_SINGLE_MACRO.v:2170]
---------------------------------------------------------------------------------
Starting RTL Elaboration : Time (s): cpu = 00:00:06 ; elapsed = 00:00:06 . Memory (MB): peak = 1766.406 ; gain = 331.957
---------------------------------------------------------------------------------
INFO: [Synth 8-6157] synthesizing module 'design_1_accel_3d_top_0_0' [c:/Users/Miedz/Desktop/Akcelerator 3D/Main/Hardware_3D_accel/Hardware_3D_accel.gen/sources_1/bd/design_1/ip/design_1_accel_3d_top_0_0/synth/design_1_accel_3d_top_0_0.sv:53]
INFO: [Synth 8-6157] synthesizing module 'accel_3d_top' [c:/Users/Miedz/Desktop/Akcelerator 3D/Main/Hardware_3D_accel/Hardware_3D_accel.gen/sources_1/bd/design_1/ipshared/0cfc/src/accel_3d_top.sv:5]
INFO: [Synth 8-155] case statement is not full and has no default [c:/Users/Miedz/Desktop/Akcelerator 3D/Main/Hardware_3D_accel/Hardware_3D_accel.gen/sources_1/bd/design_1/ipshared/0cfc/src/accel_3d_top.sv:93]
INFO: [Synth 8-6157] synthesizing module 'cordic_pipe_rtl' [c:/Users/Miedz/Desktop/Akcelerator 3D/Main/Hardware_3D_accel/Hardware_3D_accel.gen/sources_1/bd/design_1/ipshared/0cfc/src/cordic_pipe_rtl.sv:27]
INFO: [Synth 8-6157] synthesizing module 'cordic_step' [c:/Users/Miedz/Desktop/Akcelerator 3D/Main/Hardware_3D_accel/Hardware_3D_accel.gen/sources_1/bd/design_1/ipshared/0cfc/src/cordic_step.sv:28]
INFO: [Synth 8-6155] done synthesizing module 'cordic_step' (0#1) [c:/Users/Miedz/Desktop/Akcelerator 3D/Main/Hardware_3D_accel/Hardware_3D_accel.gen/sources_1/bd/design_1/ipshared/0cfc/src/cordic_step.sv:28]
INFO: [Synth 8-6157] synthesizing module 'cordic_step__parameterized0' [c:/Users/Miedz/Desktop/Akcelerator 3D/Main/Hardware_3D_accel/Hardware_3D_accel.gen/sources_1/bd/design_1/ipshared/0cfc/src/cordic_step.sv:28]
INFO: [Synth 8-6155] done synthesizing module 'cordic_step__parameterized0' (0#1) [c:/Users/Miedz/Desktop/Akcelerator 3D/Main/Hardware_3D_accel/Hardware_3D_accel.gen/sources_1/bd/design_1/ipshared/0cfc/src/cordic_step.sv:28]
INFO: [Synth 8-6157] synthesizing module 'cordic_step__parameterized1' [c:/Users/Miedz/Desktop/Akcelerator 3D/Main/Hardware_3D_accel/Hardware_3D_accel.gen/sources_1/bd/design_1/ipshared/0cfc/src/cordic_step.sv:28]
INFO: [Synth 8-6155] done synthesizing module 'cordic_step__parameterized1' (0#1) [c:/Users/Miedz/Desktop/Akcelerator 3D/Main/Hardware_3D_accel/Hardware_3D_accel.gen/sources_1/bd/design_1/ipshared/0cfc/src/cordic_step.sv:28]
INFO: [Synth 8-6157] synthesizing module 'cordic_step__parameterized2' [c:/Users/Miedz/Desktop/Akcelerator 3D/Main/Hardware_3D_accel/Hardware_3D_accel.gen/sources_1/bd/design_1/ipshared/0cfc/src/cordic_step.sv:28]
INFO: [Synth 8-6155] done synthesizing module 'cordic_step__parameterized2' (0#1) [c:/Users/Miedz/Desktop/Akcelerator 3D/Main/Hardware_3D_accel/Hardware_3D_accel.gen/sources_1/bd/design_1/ipshared/0cfc/src/cordic_step.sv:28]
INFO: [Synth 8-6157] synthesizing module 'cordic_step__parameterized3' [c:/Users/Miedz/Desktop/Akcelerator 3D/Main/Hardware_3D_accel/Hardware_3D_accel.gen/sources_1/bd/design_1/ipshared/0cfc/src/cordic_step.sv:28]
INFO: [Synth 8-6155] done synthesizing module 'cordic_step__parameterized3' (0#1) [c:/Users/Miedz/Desktop/Akcelerator 3D/Main/Hardware_3D_accel/Hardware_3D_accel.gen/sources_1/bd/design_1/ipshared/0cfc/src/cordic_step.sv:28]
INFO: [Synth 8-6157] synthesizing module 'cordic_step__parameterized4' [c:/Users/Miedz/Desktop/Akcelerator 3D/Main/Hardware_3D_accel/Hardware_3D_accel.gen/sources_1/bd/design_1/ipshared/0cfc/src/cordic_step.sv:28]
INFO: [Synth 8-6155] done synthesizing module 'cordic_step__parameterized4' (0#1) [c:/Users/Miedz/Desktop/Akcelerator 3D/Main/Hardware_3D_accel/Hardware_3D_accel.gen/sources_1/bd/design_1/ipshared/0cfc/src/cordic_step.sv:28]
INFO: [Synth 8-6157] synthesizing module 'cordic_step__parameterized5' [c:/Users/Miedz/Desktop/Akcelerator 3D/Main/Hardware_3D_accel/Hardware_3D_accel.gen/sources_1/bd/design_1/ipshared/0cfc/src/cordic_step.sv:28]
INFO: [Synth 8-6155] done synthesizing module 'cordic_step__parameterized5' (0#1) [c:/Users/Miedz/Desktop/Akcelerator 3D/Main/Hardware_3D_accel/Hardware_3D_accel.gen/sources_1/bd/design_1/ipshared/0cfc/src/cordic_step.sv:28]
INFO: [Synth 8-6157] synthesizing module 'cordic_step__parameterized6' [c:/Users/Miedz/Desktop/Akcelerator 3D/Main/Hardware_3D_accel/Hardware_3D_accel.gen/sources_1/bd/design_1/ipshared/0cfc/src/cordic_step.sv:28]
INFO: [Synth 8-6155] done synthesizing module 'cordic_step__parameterized6' (0#1) [c:/Users/Miedz/Desktop/Akcelerator 3D/Main/Hardware_3D_accel/Hardware_3D_accel.gen/sources_1/bd/design_1/ipshared/0cfc/src/cordic_step.sv:28]
INFO: [Synth 8-6157] synthesizing module 'cordic_step__parameterized7' [c:/Users/Miedz/Desktop/Akcelerator 3D/Main/Hardware_3D_accel/Hardware_3D_accel.gen/sources_1/bd/design_1/ipshared/0cfc/src/cordic_step.sv:28]
INFO: [Synth 8-6155] done synthesizing module 'cordic_step__parameterized7' (0#1) [c:/Users/Miedz/Desktop/Akcelerator 3D/Main/Hardware_3D_accel/Hardware_3D_accel.gen/sources_1/bd/design_1/ipshared/0cfc/src/cordic_step.sv:28]
INFO: [Synth 8-6157] synthesizing module 'cordic_step__parameterized8' [c:/Users/Miedz/Desktop/Akcelerator 3D/Main/Hardware_3D_accel/Hardware_3D_accel.gen/sources_1/bd/design_1/ipshared/0cfc/src/cordic_step.sv:28]
INFO: [Synth 8-6155] done synthesizing module 'cordic_step__parameterized8' (0#1) [c:/Users/Miedz/Desktop/Akcelerator 3D/Main/Hardware_3D_accel/Hardware_3D_accel.gen/sources_1/bd/design_1/ipshared/0cfc/src/cordic_step.sv:28]
INFO: [Synth 8-6157] synthesizing module 'cordic_step__parameterized9' [c:/Users/Miedz/Desktop/Akcelerator 3D/Main/Hardware_3D_accel/Hardware_3D_accel.gen/sources_1/bd/design_1/ipshared/0cfc/src/cordic_step.sv:28]
INFO: [Synth 8-6155] done synthesizing module 'cordic_step__parameterized9' (0#1) [c:/Users/Miedz/Desktop/Akcelerator 3D/Main/Hardware_3D_accel/Hardware_3D_accel.gen/sources_1/bd/design_1/ipshared/0cfc/src/cordic_step.sv:28]
INFO: [Synth 8-6157] synthesizing module 'mul_Kn' [c:/Users/Miedz/Desktop/Akcelerator 3D/Main/Hardware_3D_accel/Hardware_3D_accel.gen/sources_1/bd/design_1/ipshared/0cfc/src/mul_Kn.sv:26]
INFO: [Synth 8-6155] done synthesizing module 'mul_Kn' (0#1) [c:/Users/Miedz/Desktop/Akcelerator 3D/Main/Hardware_3D_accel/Hardware_3D_accel.gen/sources_1/bd/design_1/ipshared/0cfc/src/mul_Kn.sv:26]
INFO: [Synth 8-6155] done synthesizing module 'cordic_pipe_rtl' (0#1) [c:/Users/Miedz/Desktop/Akcelerator 3D/Main/Hardware_3D_accel/Hardware_3D_accel.gen/sources_1/bd/design_1/ipshared/0cfc/src/cordic_pipe_rtl.sv:27]
INFO: [Synth 8-6155] done synthesizing module 'accel_3d_top' (0#1) [c:/Users/Miedz/Desktop/Akcelerator 3D/Main/Hardware_3D_accel/Hardware_3D_accel.gen/sources_1/bd/design_1/ipshared/0cfc/src/accel_3d_top.sv:5]
INFO: [Synth 8-6155] done synthesizing module 'design_1_accel_3d_top_0_0' (0#1) [c:/Users/Miedz/Desktop/Akcelerator 3D/Main/Hardware_3D_accel/Hardware_3D_accel.gen/sources_1/bd/design_1/ip/design_1_accel_3d_top_0_0/synth/design_1_accel_3d_top_0_0.sv:53]
WARNING: [Synth 8-6014] Unused sequential element val_reg was removed.  [c:/Users/Miedz/Desktop/Akcelerator 3D/Main/Hardware_3D_accel/Hardware_3D_accel.gen/sources_1/bd/design_1/ipshared/0cfc/src/mul_Kn.sv:42]
WARNING: [Synth 8-6014] Unused sequential element final_x_reg was removed.  [c:/Users/Miedz/Desktop/Akcelerator 3D/Main/Hardware_3D_accel/Hardware_3D_accel.gen/sources_1/bd/design_1/ipshared/0cfc/src/accel_3d_top.sv:269]
---------------------------------------------------------------------------------
Finished RTL Elaboration : Time (s): cpu = 00:00:07 ; elapsed = 00:00:08 . Memory (MB): peak = 1868.234 ; gain = 433.785
---------------------------------------------------------------------------------
---------------------------------------------------------------------------------
Start Handling Custom Attributes
---------------------------------------------------------------------------------
---------------------------------------------------------------------------------
Finished Handling Custom Attributes : Time (s): cpu = 00:00:07 ; elapsed = 00:00:08 . Memory (MB): peak = 1868.234 ; gain = 433.785
---------------------------------------------------------------------------------
---------------------------------------------------------------------------------
Finished RTL Optimization Phase 1 : Time (s): cpu = 00:00:07 ; elapsed = 00:00:08 . Memory (MB): peak = 1868.234 ; gain = 433.785
---------------------------------------------------------------------------------
Netlist sorting complete. Time (s): cpu = 00:00:00 ; elapsed = 00:00:00.027 . Memory (MB): peak = 1868.234 ; gain = 0.000
INFO: [Project 1-570] Preparing netlist for logic optimization

Processing XDC Constraints
Initializing timing engine
Completed Processing XDC Constraints

Netlist sorting complete. Time (s): cpu = 00:00:00 ; elapsed = 00:00:00 . Memory (MB): peak = 1951.871 ; gain = 0.000
INFO: [Project 1-111] Unisim Transformation Summary:
No Unisim elements were transformed.

Constraint Validation Runtime : Time (s): cpu = 00:00:00 ; elapsed = 00:00:00.066 . Memory (MB): peak = 1969.754 ; gain = 17.883
INFO: [Designutils 20-5008] Incremental synthesis strategy off
INFO: [Synth 8-11241] undeclared symbol 'REGCCE', assumed default net type 'wire' [C:/Xilinx/Vivado/2022.2/data/verilog/src/unimacro/BRAM_SINGLE_MACRO.v:2170]
---------------------------------------------------------------------------------
Finished Constraint Validation : Time (s): cpu = 00:00:15 ; elapsed = 00:00:16 . Memory (MB): peak = 1969.754 ; gain = 535.305
---------------------------------------------------------------------------------
---------------------------------------------------------------------------------
Start Loading Part and Timing Information
---------------------------------------------------------------------------------
Loading part: xck26-sfvc784-2LV-c
INFO: [Synth 8-6742] Reading net delay rules and data
---------------------------------------------------------------------------------
Finished Loading Part and Timing Information : Time (s): cpu = 00:00:15 ; elapsed = 00:00:16 . Memory (MB): peak = 1969.754 ; gain = 535.305
---------------------------------------------------------------------------------
---------------------------------------------------------------------------------
Start Applying 'set_property' XDC Constraints
---------------------------------------------------------------------------------
---------------------------------------------------------------------------------
Finished applying 'set_property' XDC Constraints : Time (s): cpu = 00:00:15 ; elapsed = 00:00:16 . Memory (MB): peak = 1969.754 ; gain = 535.305
---------------------------------------------------------------------------------
INFO: [Synth 8-802] inferred FSM for state register 'tx_state_reg' in module 'accel_3d_top'
---------------------------------------------------------------------------------------------------
                   State |                     New Encoding |                Previous Encoding 
---------------------------------------------------------------------------------------------------
                 TX_IDLE |                               00 |                               00
                    TX_X |                               01 |                               01
                    TX_Y |                               10 |                               10
                    TX_Z |                               11 |                               11
---------------------------------------------------------------------------------------------------
INFO: [Synth 8-3354] encoded FSM with state register 'tx_state_reg' using encoding 'sequential' in module 'accel_3d_top'
---------------------------------------------------------------------------------
Finished RTL Optimization Phase 2 : Time (s): cpu = 00:00:15 ; elapsed = 00:00:17 . Memory (MB): peak = 1969.754 ; gain = 535.305
---------------------------------------------------------------------------------
---------------------------------------------------------------------------------
Start RTL Component Statistics 
---------------------------------------------------------------------------------
Detailed RTL Component Info : 
+---Adders : 
	   3 Input   44 Bit       Adders := 1     
	   2 Input   44 Bit       Adders := 1     
	   2 Input   24 Bit       Adders := 6     
	   3 Input   24 Bit       Adders := 4     
	   3 Input   12 Bit       Adders := 33    
	   2 Input   12 Bit       Adders := 1     
	   2 Input    5 Bit       Adders := 1     
+---Registers : 
	               32 Bit    Registers := 55    
	               24 Bit    Registers := 24    
	               12 Bit    Registers := 46    
	                5 Bit    Registers := 1     
	                3 Bit    Registers := 1     
	                1 Bit    Registers := 37    
+---Multipliers : 
	              12x32  Multipliers := 4     
+---Muxes : 
	   4 Input   32 Bit        Muxes := 1     
	   2 Input   12 Bit        Muxes := 33    
	   2 Input    3 Bit        Muxes := 1     
	   4 Input    3 Bit        Muxes := 1     
	   4 Input    2 Bit        Muxes := 1     
	   2 Input    2 Bit        Muxes := 1     
	   2 Input    1 Bit        Muxes := 8     
	   4 Input    1 Bit        Muxes := 14    
---------------------------------------------------------------------------------
Finished RTL Component Statistics 
---------------------------------------------------------------------------------
---------------------------------------------------------------------------------
Start Part Resource Summary
---------------------------------------------------------------------------------
Part Resources:
DSPs: 1248 (col length:96)
BRAMs: 288 (col length: RAMB18 96 RAMB36 48)
---------------------------------------------------------------------------------
Finished Part Resource Summary
---------------------------------------------------------------------------------
---------------------------------------------------------------------------------
Start Cross Boundary and Area Optimization
---------------------------------------------------------------------------------
WARNING: [Synth 8-7080] Parallel synthesis criteria is not met
INFO: [Synth 8-3936] Found unconnected internal register 'inst/my_cordic/mul_Kn_cos/val_0_2_4_5_7_9_reg' and it is trimmed from '24' to '22' bits. [c:/Users/Miedz/Desktop/Akcelerator 3D/Main/Hardware_3D_accel/Hardware_3D_accel.gen/sources_1/bd/design_1/ipshared/0cfc/src/mul_Kn.sv:60]
INFO: [Synth 8-3936] Found unconnected internal register 'inst/my_cordic/mul_Kn_cos/val_7_9_d_reg' and it is trimmed from '24' to '22' bits. [c:/Users/Miedz/Desktop/Akcelerator 3D/Main/Hardware_3D_accel/Hardware_3D_accel.gen/sources_1/bd/design_1/ipshared/0cfc/src/mul_Kn.sv:57]
INFO: [Synth 8-3936] Found unconnected internal register 'inst/my_cordic/mul_Kn_cos/val_7_9_reg' and it is trimmed from '24' to '22' bits. [c:/Users/Miedz/Desktop/Akcelerator 3D/Main/Hardware_3D_accel/Hardware_3D_accel.gen/sources_1/bd/design_1/ipshared/0cfc/src/mul_Kn.sv:53]
INFO: [Synth 8-3936] Found unconnected internal register 'inst/my_cordic/mul_Kn_cos/val_9_reg' and it is trimmed from '24' to '22' bits. [c:/Users/Miedz/Desktop/Akcelerator 3D/Main/Hardware_3D_accel/Hardware_3D_accel.gen/sources_1/bd/design_1/ipshared/0cfc/src/mul_Kn.sv:48]
INFO: [Synth 8-3936] Found unconnected internal register 'inst/my_cordic/mul_Kn_cos/val_0_2_4_5_reg' and it is trimmed from '24' to '22' bits. [c:/Users/Miedz/Desktop/Akcelerator 3D/Main/Hardware_3D_accel/Hardware_3D_accel.gen/sources_1/bd/design_1/ipshared/0cfc/src/mul_Kn.sv:56]
INFO: [Synth 8-3936] Found unconnected internal register 'inst/my_cordic/mul_Kn_cos/val_0_2_reg' and it is trimmed from '24' to '22' bits. [c:/Users/Miedz/Desktop/Akcelerator 3D/Main/Hardware_3D_accel/Hardware_3D_accel.gen/sources_1/bd/design_1/ipshared/0cfc/src/mul_Kn.sv:51]
INFO: [Synth 8-3936] Found unconnected internal register 'inst/my_cordic/mul_Kn_cos/val_2_reg' and it is trimmed from '24' to '22' bits. [c:/Users/Miedz/Desktop/Akcelerator 3D/Main/Hardware_3D_accel/Hardware_3D_accel.gen/sources_1/bd/design_1/ipshared/0cfc/src/mul_Kn.sv:44]
INFO: [Synth 8-3936] Found unconnected internal register 'inst/my_cordic/mul_Kn_cos/val_4_5_reg' and it is trimmed from '24' to '22' bits. [c:/Users/Miedz/Desktop/Akcelerator 3D/Main/Hardware_3D_accel/Hardware_3D_accel.gen/sources_1/bd/design_1/ipshared/0cfc/src/mul_Kn.sv:52]
INFO: [Synth 8-3936] Found unconnected internal register 'inst/my_cordic/mul_Kn_cos/val_4_reg' and it is trimmed from '24' to '22' bits. [c:/Users/Miedz/Desktop/Akcelerator 3D/Main/Hardware_3D_accel/Hardware_3D_accel.gen/sources_1/bd/design_1/ipshared/0cfc/src/mul_Kn.sv:45]
INFO: [Synth 8-3936] Found unconnected internal register 'inst/my_cordic/mul_Kn_cos/val_5_reg' and it is trimmed from '24' to '22' bits. [c:/Users/Miedz/Desktop/Akcelerator 3D/Main/Hardware_3D_accel/Hardware_3D_accel.gen/sources_1/bd/design_1/ipshared/0cfc/src/mul_Kn.sv:46]
INFO: [Synth 8-3936] Found unconnected internal register 'inst/my_cordic/mul_Kn_cos/val_7_reg' and it is trimmed from '24' to '22' bits. [c:/Users/Miedz/Desktop/Akcelerator 3D/Main/Hardware_3D_accel/Hardware_3D_accel.gen/sources_1/bd/design_1/ipshared/0cfc/src/mul_Kn.sv:47]
INFO: [Synth 8-3936] Found unconnected internal register 'inst/my_cordic/mul_Kn_cos/val_0_reg' and it is trimmed from '24' to '22' bits. [c:/Users/Miedz/Desktop/Akcelerator 3D/Main/Hardware_3D_accel/Hardware_3D_accel.gen/sources_1/bd/design_1/ipshared/0cfc/src/mul_Kn.sv:43]
INFO: [Synth 8-3936] Found unconnected internal register 'inst/my_cordic/mul_Kn_sin/val_0_2_4_5_7_9_reg' and it is trimmed from '24' to '22' bits. [c:/Users/Miedz/Desktop/Akcelerator 3D/Main/Hardware_3D_accel/Hardware_3D_accel.gen/sources_1/bd/design_1/ipshared/0cfc/src/mul_Kn.sv:60]
INFO: [Synth 8-3936] Found unconnected internal register 'inst/my_cordic/mul_Kn_sin/val_7_9_d_reg' and it is trimmed from '24' to '22' bits. [c:/Users/Miedz/Desktop/Akcelerator 3D/Main/Hardware_3D_accel/Hardware_3D_accel.gen/sources_1/bd/design_1/ipshared/0cfc/src/mul_Kn.sv:57]
INFO: [Synth 8-3936] Found unconnected internal register 'inst/my_cordic/mul_Kn_sin/val_7_9_reg' and it is trimmed from '24' to '22' bits. [c:/Users/Miedz/Desktop/Akcelerator 3D/Main/Hardware_3D_accel/Hardware_3D_accel.gen/sources_1/bd/design_1/ipshared/0cfc/src/mul_Kn.sv:53]
INFO: [Synth 8-3936] Found unconnected internal register 'inst/my_cordic/mul_Kn_sin/val_9_reg' and it is trimmed from '24' to '22' bits. [c:/Users/Miedz/Desktop/Akcelerator 3D/Main/Hardware_3D_accel/Hardware_3D_accel.gen/sources_1/bd/design_1/ipshared/0cfc/src/mul_Kn.sv:48]
INFO: [Synth 8-3936] Found unconnected internal register 'inst/my_cordic/mul_Kn_sin/val_0_2_4_5_reg' and it is trimmed from '24' to '22' bits. [c:/Users/Miedz/Desktop/Akcelerator 3D/Main/Hardware_3D_accel/Hardware_3D_accel.gen/sources_1/bd/design_1/ipshared/0cfc/src/mul_Kn.sv:56]
INFO: [Synth 8-3936] Found unconnected internal register 'inst/my_cordic/mul_Kn_sin/val_0_2_reg' and it is trimmed from '24' to '22' bits. [c:/Users/Miedz/Desktop/Akcelerator 3D/Main/Hardware_3D_accel/Hardware_3D_accel.gen/sources_1/bd/design_1/ipshared/0cfc/src/mul_Kn.sv:51]
INFO: [Synth 8-3936] Found unconnected internal register 'inst/my_cordic/mul_Kn_sin/val_2_reg' and it is trimmed from '24' to '22' bits. [c:/Users/Miedz/Desktop/Akcelerator 3D/Main/Hardware_3D_accel/Hardware_3D_accel.gen/sources_1/bd/design_1/ipshared/0cfc/src/mul_Kn.sv:44]
INFO: [Synth 8-3936] Found unconnected internal register 'inst/my_cordic/mul_Kn_sin/val_4_5_reg' and it is trimmed from '24' to '22' bits. [c:/Users/Miedz/Desktop/Akcelerator 3D/Main/Hardware_3D_accel/Hardware_3D_accel.gen/sources_1/bd/design_1/ipshared/0cfc/src/mul_Kn.sv:52]
INFO: [Synth 8-3936] Found unconnected internal register 'inst/my_cordic/mul_Kn_sin/val_4_reg' and it is trimmed from '24' to '22' bits. [c:/Users/Miedz/Desktop/Akcelerator 3D/Main/Hardware_3D_accel/Hardware_3D_accel.gen/sources_1/bd/design_1/ipshared/0cfc/src/mul_Kn.sv:45]
INFO: [Synth 8-3936] Found unconnected internal register 'inst/my_cordic/mul_Kn_sin/val_5_reg' and it is trimmed from '24' to '22' bits. [c:/Users/Miedz/Desktop/Akcelerator 3D/Main/Hardware_3D_accel/Hardware_3D_accel.gen/sources_1/bd/design_1/ipshared/0cfc/src/mul_Kn.sv:46]
INFO: [Synth 8-3936] Found unconnected internal register 'inst/my_cordic/mul_Kn_sin/val_7_reg' and it is trimmed from '24' to '22' bits. [c:/Users/Miedz/Desktop/Akcelerator 3D/Main/Hardware_3D_accel/Hardware_3D_accel.gen/sources_1/bd/design_1/ipshared/0cfc/src/mul_Kn.sv:47]
INFO: [Synth 8-3936] Found unconnected internal register 'inst/my_cordic/mul_Kn_sin/val_0_reg' and it is trimmed from '24' to '22' bits. [c:/Users/Miedz/Desktop/Akcelerator 3D/Main/Hardware_3D_accel/Hardware_3D_accel.gen/sources_1/bd/design_1/ipshared/0cfc/src/mul_Kn.sv:43]
INFO: [Synth 8-3936] Found unconnected internal register 'inst/reg_angle_reg' and it is trimmed from '32' to '12' bits. [c:/Users/Miedz/Desktop/Akcelerator 3D/Main/Hardware_3D_accel/Hardware_3D_accel.gen/sources_1/bd/design_1/ipshared/0cfc/src/accel_3d_top.sv:95]
DSP Report: Generating DSP inst/calc_x0, operation Mode is: A''*B''.
DSP Report: register inst/calc_x0 is absorbed into DSP inst/calc_x0.
DSP Report: register inst/calc_x0 is absorbed into DSP inst/calc_x0.
DSP Report: register inst/calc_x0 is absorbed into DSP inst/calc_x0.
DSP Report: register inst/my_cordic/mul_Kn_sin/value_out_reg is absorbed into DSP inst/calc_x0.
DSP Report: operator inst/calc_x0 is absorbed into DSP inst/calc_x0.
DSP Report: operator inst/calc_x0 is absorbed into DSP inst/calc_x0.
DSP Report: Generating DSP inst/calc_x0, operation Mode is: (PCIN>>17)+A''*B''.
DSP Report: register inst/delay_y_reg[14] is absorbed into DSP inst/calc_x0.
DSP Report: register inst/delay_y_reg[15] is absorbed into DSP inst/calc_x0.
DSP Report: register inst/calc_x0 is absorbed into DSP inst/calc_x0.
DSP Report: register inst/my_cordic/mul_Kn_sin/value_out_reg is absorbed into DSP inst/calc_x0.
DSP Report: operator inst/calc_x0 is absorbed into DSP inst/calc_x0.
DSP Report: operator inst/calc_x0 is absorbed into DSP inst/calc_x0.
DSP Report: Generating DSP inst/calc_x0, operation Mode is: A''*B''.
DSP Report: register inst/calc_x0 is absorbed into DSP inst/calc_x0.
DSP Report: register inst/calc_x0 is absorbed into DSP inst/calc_x0.
DSP Report: register inst/calc_x0 is absorbed into DSP inst/calc_x0.
DSP Report: register inst/my_cordic/mul_Kn_cos/value_out_reg is absorbed into DSP inst/calc_x0.
DSP Report: operator inst/calc_x0 is absorbed into DSP inst/calc_x0.
DSP Report: operator inst/calc_x0 is absorbed into DSP inst/calc_x0.
DSP Report: Generating DSP inst/calc_x0, operation Mode is: (PCIN>>17)+A''*B''.
DSP Report: register inst/delay_x_reg[14] is absorbed into DSP inst/calc_x0.
DSP Report: register inst/delay_x_reg[15] is absorbed into DSP inst/calc_x0.
DSP Report: register inst/calc_x0 is absorbed into DSP inst/calc_x0.
DSP Report: register inst/my_cordic/mul_Kn_cos/value_out_reg is absorbed into DSP inst/calc_x0.
DSP Report: operator inst/calc_x0 is absorbed into DSP inst/calc_x0.
DSP Report: operator inst/calc_x0 is absorbed into DSP inst/calc_x0.
DSP Report: Generating DSP inst/calc_y0, operation Mode is: A''*B''.
DSP Report: register inst/calc_y0 is absorbed into DSP inst/calc_y0.
DSP Report: register inst/my_cordic/mul_Kn_cos/value_out_reg is absorbed into DSP inst/calc_y0.
DSP Report: register inst/calc_y0 is absorbed into DSP inst/calc_y0.
DSP Report: register inst/calc_y0 is absorbed into DSP inst/calc_y0.
DSP Report: operator inst/calc_y0 is absorbed into DSP inst/calc_y0.
DSP Report: operator inst/calc_y0 is absorbed into DSP inst/calc_y0.
DSP Report: Generating DSP inst/calc_y0, operation Mode is: (PCIN>>17)+A''*B''.
DSP Report: register inst/calc_y0 is absorbed into DSP inst/calc_y0.
DSP Report: register inst/my_cordic/mul_Kn_cos/value_out_reg is absorbed into DSP inst/calc_y0.
DSP Report: register inst/delay_y_reg[14] is absorbed into DSP inst/calc_y0.
DSP Report: register inst/delay_y_reg[15] is absorbed into DSP inst/calc_y0.
DSP Report: operator inst/calc_y0 is absorbed into DSP inst/calc_y0.
DSP Report: operator inst/calc_y0 is absorbed into DSP inst/calc_y0.
DSP Report: Generating DSP inst/calc_y0, operation Mode is: A''*B''.
DSP Report: register inst/calc_y0 is absorbed into DSP inst/calc_y0.
DSP Report: register inst/my_cordic/mul_Kn_sin/value_out_reg is absorbed into DSP inst/calc_y0.
DSP Report: register inst/calc_y0 is absorbed into DSP inst/calc_y0.
DSP Report: register inst/calc_y0 is absorbed into DSP inst/calc_y0.
DSP Report: operator inst/calc_y0 is absorbed into DSP inst/calc_y0.
DSP Report: operator inst/calc_y0 is absorbed into DSP inst/calc_y0.
DSP Report: Generating DSP inst/calc_y0, operation Mode is: (PCIN>>17)+A''*B''.
DSP Report: register inst/calc_y0 is absorbed into DSP inst/calc_y0.
DSP Report: register inst/my_cordic/mul_Kn_sin/value_out_reg is absorbed into DSP inst/calc_y0.
DSP Report: register inst/delay_x_reg[14] is absorbed into DSP inst/calc_y0.
DSP Report: register inst/delay_x_reg[15] is absorbed into DSP inst/calc_y0.
DSP Report: operator inst/calc_y0 is absorbed into DSP inst/calc_y0.
DSP Report: operator inst/calc_y0 is absorbed into DSP inst/calc_y0.
INFO: [Synth 8-3917] design design_1_accel_3d_top_0_0 has port s00_axis_tready driven by constant 1
INFO: [Synth 8-3917] design design_1_accel_3d_top_0_0 has port m00_axis_tstrb[3] driven by constant 1
INFO: [Synth 8-3917] design design_1_accel_3d_top_0_0 has port m00_axis_tstrb[2] driven by constant 1
INFO: [Synth 8-3917] design design_1_accel_3d_top_0_0 has port m00_axis_tstrb[1] driven by constant 1
INFO: [Synth 8-3917] design design_1_accel_3d_top_0_0 has port m00_axis_tstrb[0] driven by constant 1
INFO: [Synth 8-3917] design design_1_accel_3d_top_0_0 has port m00_axis_tkeep[3] driven by constant 1
INFO: [Synth 8-3917] design design_1_accel_3d_top_0_0 has port m00_axis_tkeep[2] driven by constant 1
INFO: [Synth 8-3917] design design_1_accel_3d_top_0_0 has port m00_axis_tkeep[1] driven by constant 1
INFO: [Synth 8-3917] design design_1_accel_3d_top_0_0 has port m00_axis_tkeep[0] driven by constant 1
---------------------------------------------------------------------------------
Finished Cross Boundary and Area Optimization : Time (s): cpu = 00:00:18 ; elapsed = 00:00:20 . Memory (MB): peak = 1969.754 ; gain = 535.305
---------------------------------------------------------------------------------
---------------------------------------------------------------------------------
Start ROM, RAM, DSP, Shift Register and Retiming Reporting
---------------------------------------------------------------------------------

DSP: Preliminary Mapping Report (see note below. The ' indicates corresponding REG is set)
+--------------------------+--------------------+--------+--------+--------+--------+--------+------+------+------+------+-------+------+------+
|Module Name               | DSP Mapping        | A Size | B Size | C Size | D Size | P Size | AREG | BREG | CREG | DREG | ADREG | MREG | PREG | 
+--------------------------+--------------------+--------+--------+--------+--------+--------+------+------+------+------+-------+------+------+
|design_1_accel_3d_top_0_0 | A''*B''            | 18     | 12     | -      | -      | 48     | 2    | 2    | -    | -    | -     | 0    | 0    | 
|design_1_accel_3d_top_0_0 | (PCIN>>17)+A''*B'' | 15     | 12     | -      | -      | 48     | 2    | 2    | -    | -    | -     | 0    | 0    | 
|design_1_accel_3d_top_0_0 | A''*B''            | 18     | 12     | -      | -      | 48     | 2    | 2    | -    | -    | -     | 0    | 0    | 
|design_1_accel_3d_top_0_0 | (PCIN>>17)+A''*B'' | 15     | 12     | -      | -      | 48     | 2    | 2    | -    | -    | -     | 0    | 0    | 
|design_1_accel_3d_top_0_0 | A''*B''            | 18     | 12     | -      | -      | 48     | 2    | 2    | -    | -    | -     | 0    | 0    | 
|design_1_accel_3d_top_0_0 | (PCIN>>17)+A''*B'' | 15     | 12     | -      | -      | 48     | 2    | 2    | -    | -    | -     | 0    | 0    | 
|design_1_accel_3d_top_0_0 | A''*B''            | 18     | 12     | -      | -      | 48     | 2    | 2    | -    | -    | -     | 0    | 0    | 
|design_1_accel_3d_top_0_0 | (PCIN>>17)+A''*B'' | 15     | 12     | -      | -      | 48     | 2    | 2    | -    | -    | -     | 0    | 0    | 
+--------------------------+--------------------+--------+--------+--------+--------+--------+------+------+------+------+-------+------+------+

Note: The table above is a preliminary report that shows the DSPs inferred at the current stage of the synthesis flow. Some DSP may be reimplemented as non DSP primitives later in the synthesis flow. Multiple instantiated DSPs are reported only once.
---------------------------------------------------------------------------------
Finished ROM, RAM, DSP, Shift Register and Retiming Reporting
---------------------------------------------------------------------------------
---------------------------------------------------------------------------------
Start Applying XDC Timing Constraints
---------------------------------------------------------------------------------
---------------------------------------------------------------------------------
Finished Applying XDC Timing Constraints : Time (s): cpu = 00:00:35 ; elapsed = 00:00:39 . Memory (MB): peak = 2460.688 ; gain = 1026.238
---------------------------------------------------------------------------------
---------------------------------------------------------------------------------
Start Timing Optimization
---------------------------------------------------------------------------------
---------------------------------------------------------------------------------
Finished Timing Optimization : Time (s): cpu = 00:00:35 ; elapsed = 00:00:39 . Memory (MB): peak = 2460.688 ; gain = 1026.238
---------------------------------------------------------------------------------
---------------------------------------------------------------------------------
Start Technology Mapping
---------------------------------------------------------------------------------
---------------------------------------------------------------------------------
Finished Technology Mapping : Time (s): cpu = 00:00:35 ; elapsed = 00:00:40 . Memory (MB): peak = 2467.109 ; gain = 1032.660
---------------------------------------------------------------------------------
---------------------------------------------------------------------------------
Start IO Insertion
---------------------------------------------------------------------------------
---------------------------------------------------------------------------------
Start Flattening Before IO Insertion
---------------------------------------------------------------------------------
---------------------------------------------------------------------------------
Finished Flattening Before IO Insertion
---------------------------------------------------------------------------------
---------------------------------------------------------------------------------
Start Final Netlist Cleanup
---------------------------------------------------------------------------------
---------------------------------------------------------------------------------
Finished Final Netlist Cleanup
---------------------------------------------------------------------------------
---------------------------------------------------------------------------------
Finished IO Insertion : Time (s): cpu = 00:00:40 ; elapsed = 00:00:45 . Memory (MB): peak = 2476.121 ; gain = 1041.672
---------------------------------------------------------------------------------
---------------------------------------------------------------------------------
Start Renaming Generated Instances
---------------------------------------------------------------------------------
---------------------------------------------------------------------------------
Finished Renaming Generated Instances : Time (s): cpu = 00:00:40 ; elapsed = 00:00:45 . Memory (MB): peak = 2476.121 ; gain = 1041.672
---------------------------------------------------------------------------------
---------------------------------------------------------------------------------
Start Rebuilding User Hierarchy
---------------------------------------------------------------------------------
---------------------------------------------------------------------------------
Finished Rebuilding User Hierarchy : Time (s): cpu = 00:00:41 ; elapsed = 00:00:45 . Memory (MB): peak = 2476.121 ; gain = 1041.672
---------------------------------------------------------------------------------
---------------------------------------------------------------------------------
Start Renaming Generated Ports
---------------------------------------------------------------------------------
---------------------------------------------------------------------------------
Finished Renaming Generated Ports : Time (s): cpu = 00:00:41 ; elapsed = 00:00:45 . Memory (MB): peak = 2476.121 ; gain = 1041.672
---------------------------------------------------------------------------------
---------------------------------------------------------------------------------
Start Handling Custom Attributes
---------------------------------------------------------------------------------
---------------------------------------------------------------------------------
Finished Handling Custom Attributes : Time (s): cpu = 00:00:41 ; elapsed = 00:00:45 . Memory (MB): peak = 2476.121 ; gain = 1041.672
---------------------------------------------------------------------------------
---------------------------------------------------------------------------------
Start Renaming Generated Nets
---------------------------------------------------------------------------------
---------------------------------------------------------------------------------
Finished Renaming Generated Nets : Time (s): cpu = 00:00:41 ; elapsed = 00:00:45 . Memory (MB): peak = 2476.121 ; gain = 1041.672
---------------------------------------------------------------------------------
---------------------------------------------------------------------------------
Start ROM, RAM, DSP, Shift Register and Retiming Reporting
---------------------------------------------------------------------------------

Static Shift Register Report:
+--------------------------+--------------------------+--------+-------+--------------+--------------------+-------------------+--------+---------+
|Module Name               | RTL Name                 | Length | Width | Reset Signal | Pull out first Reg | Pull out last Reg | SRL16E | SRLC32E | 
+--------------------------+--------------------------+--------+-------+--------------+--------------------+-------------------+--------+---------+
|design_1_accel_3d_top_0_0 | inst/delay_tlast_reg[15] | 16     | 1     | NO           | NO                 | NO                | 1      | 0       | 
|design_1_accel_3d_top_0_0 | inst/delay_y_reg[13][31] | 14     | 32    | NO           | NO                 | YES               | 32     | 0       | 
|design_1_accel_3d_top_0_0 | inst/delay_x_reg[13][31] | 14     | 32    | NO           | NO                 | YES               | 32     | 0       | 
|design_1_accel_3d_top_0_0 | inst/delay_z_reg[15][31] | 16     | 32    | NO           | NO                 | NO                | 32     | 0       | 
+--------------------------+--------------------------+--------+-------+--------------+--------------------+-------------------+--------+---------+

---------------------------------------------------------------------------------
Finished ROM, RAM, DSP, Shift Register and Retiming Reporting
---------------------------------------------------------------------------------
---------------------------------------------------------------------------------
Start Writing Synthesis Report
---------------------------------------------------------------------------------

DSP Final Report (the ' indicates corresponding REG is set)
+--------------------------+------------------+--------+--------+--------+--------+--------+------+------+------+------+-------+------+------+
|Module Name               | DSP Mapping      | A Size | B Size | C Size | D Size | P Size | AREG | BREG | CREG | DREG | ADREG | MREG | PREG | 
+--------------------------+------------------+--------+--------+--------+--------+--------+------+------+------+------+-------+------+------+
|design_1_accel_3d_top_0_0 | A''*B''          | 17     | 18     | -      | -      | 48     | 2    | 2    | -    | -    | -     | 0    | 0    | 
|design_1_accel_3d_top_0_0 | PCIN>>17+A''*B'' | 30     | 18     | -      | -      | 48     | 2    | 2    | -    | -    | -     | 0    | 0    | 
|design_1_accel_3d_top_0_0 | A''*B''          | 17     | 18     | -      | -      | 48     | 2    | 2    | -    | -    | -     | 0    | 0    | 
|design_1_accel_3d_top_0_0 | PCIN>>17+A''*B'' | 30     | 18     | -      | -      | 48     | 2    | 2    | -    | -    | -     | 0    | 0    | 
|design_1_accel_3d_top_0_0 | A''*B''          | 17     | 18     | -      | -      | 48     | 2    | 2    | -    | -    | -     | 0    | 0    | 
|design_1_accel_3d_top_0_0 | PCIN>>17+A''*B'' | 30     | 18     | -      | -      | 48     | 2    | 2    | -    | -    | -     | 0    | 0    | 
|design_1_accel_3d_top_0_0 | A''*B''          | 17     | 18     | -      | -      | 48     | 2    | 2    | -    | -    | -     | 0    | 0    | 
|design_1_accel_3d_top_0_0 | PCIN>>17+A''*B'' | 30     | 18     | -      | -      | 48     | 2    | 2    | -    | -    | -     | 0    | 0    | 
+--------------------------+------------------+--------+--------+--------+--------+--------+------+------+------+------+-------+------+------+


Report BlackBoxes: 
+-+--------------+----------+
| |BlackBox name |Instances |
+-+--------------+----------+
+-+--------------+----------+

Report Cell Usage: 
+------+----------------+------+
|      |Cell            |Count |
+------+----------------+------+
|1     |CARRY8          |    89|
|2     |DSP_ALU         |     8|
|3     |DSP_A_B_DATA    |     8|
|4     |DSP_C_DATA      |     8|
|5     |DSP_MULTIPLIER  |     8|
|6     |DSP_M_DATA      |     8|
|7     |DSP_OUTPUT      |     8|
|8     |DSP_PREADD      |     8|
|9     |DSP_PREADD_DATA |     8|
|10    |LUT1            |    22|
|11    |LUT2            |   332|
|12    |LUT3            |   187|
|13    |LUT4            |   106|
|14    |LUT5            |    36|
|15    |LUT6            |     1|
|16    |SRL16E          |    97|
|17    |FDRE            |   863|
+------+----------------+------+
---------------------------------------------------------------------------------
Finished Writing Synthesis Report : Time (s): cpu = 00:00:41 ; elapsed = 00:00:45 . Memory (MB): peak = 2476.121 ; gain = 1041.672
---------------------------------------------------------------------------------
Synthesis finished with 0 errors, 0 critical warnings and 1 warnings.
Synthesis Optimization Runtime : Time (s): cpu = 00:00:31 ; elapsed = 00:00:43 . Memory (MB): peak = 2476.121 ; gain = 940.152
Synthesis Optimization Complete : Time (s): cpu = 00:00:41 ; elapsed = 00:00:45 . Memory (MB): peak = 2476.121 ; gain = 1041.672
INFO: [Project 1-571] Translating synthesized netlist
Netlist sorting complete. Time (s): cpu = 00:00:00 ; elapsed = 00:00:00.032 . Memory (MB): peak = 2488.180 ; gain = 0.000
INFO: [Netlist 29-17] Analyzing 97 Unisim elements for replacement
INFO: [Netlist 29-28] Unisim Transformation completed in 0 CPU seconds
INFO: [Project 1-570] Preparing netlist for logic optimization
INFO: [Opt 31-138] Pushed 0 inverter(s) to 0 load pin(s).
Netlist sorting complete. Time (s): cpu = 00:00:00 ; elapsed = 00:00:00.001 . Memory (MB): peak = 2511.512 ; gain = 0.000
INFO: [Project 1-111] Unisim Transformation Summary:
  A total of 8 instances were transformed.
  DSP48E2 => DSP48E2 (DSP_ALU, DSP_A_B_DATA, DSP_C_DATA, DSP_MULTIPLIER, DSP_M_DATA, DSP_OUTPUT, DSP_PREADD, DSP_PREADD_DATA): 8 instances

Synth Design complete, checksum: f120450d
INFO: [Common 17-83] Releasing license: Synthesis
89 Infos, 4 Warnings, 0 Critical Warnings and 0 Errors encountered.
synth_design completed successfully
synth_design: Time (s): cpu = 00:00:50 ; elapsed = 00:00:55 . Memory (MB): peak = 2511.512 ; gain = 2054.391
INFO: [Common 17-1381] The checkpoint 'C:/Users/Miedz/Desktop/Akcelerator 3D/Main/Hardware_3D_accel/Hardware_3D_accel.runs/design_1_accel_3d_top_0_0_synth_1/design_1_accel_3d_top_0_0.dcp' has been generated.
INFO: [Coretcl 2-1648] Added synthesis output to IP cache for IP design_1_accel_3d_top_0_0, cache-ID = eb730d126a281986
INFO: [Coretcl 2-1174] Renamed 15 cell refs.
INFO: [Common 17-1381] The checkpoint 'C:/Users/Miedz/Desktop/Akcelerator 3D/Main/Hardware_3D_accel/Hardware_3D_accel.runs/design_1_accel_3d_top_0_0_synth_1/design_1_accel_3d_top_0_0.dcp' has been generated.
INFO: [runtcl-4] Executing : report_utilization -file design_1_accel_3d_top_0_0_utilization_synth.rpt -pb design_1_accel_3d_top_0_0_utilization_synth.pb
INFO: [Common 17-206] Exiting Vivado at Tue Jun 16 12:41:30 2026...
